2025-09-13 00:08:09 [DEBUG] classifier: Raw classifier response: ```json
{
  "category": "sports",
  "sports_subcategory": "football_other",
  "confidence": 0.95,
  "reasons": "manager's statement on player's refusal to play",
  "importance_score": 55,
  "contextual_factors": {
    "time_sensitivity": 40,
    "global_impact": 30,
    "personal_relevance": 50,
    "historical_significance": 10,
    "emotional_intensity": 30
  }
}
```
2025-09-13 00:08:10 [DEBUG] classifier: Final classification with subcategory: {'category': 'sports', 'sports_subcategory': 'football_epl', 'economy_subcategory': None, 'tech_subcategory': None, 'confidence': 0.95, 'reasons': "manager's statement on player's refusal to play", 'importance_score': 55, 'contextual_factors': {'time_sensitivity': 40, 'global_impact': 30, 'personal_relevance': 50, 'historical_significance': 10, 'emotional_intensity': 30}}
2025-09-13 00:08:11 [DEBUG] classifier: Raw classifier response: ```json
{
  "category": "politics_geopolitics",
  "sports_subcategory": null,
  "confidence": 0.95,
  "reasons": "high-profile political statement after tragic event",
  "importance_score": 78,
  "contextual_factors": {
    "time_sensitivity": 85,
    "global_impact": 70,
    "personal_relevance": 50,
    "historical_significance": 65,
    "emotional_intensity": 80
  }
}
```
2025-09-13 00:08:11 [DEBUG] classifier: Final classification with subcategory: {'category': 'politics_geopolitics', 'sports_subcategory': None, 'economy_subcategory': None, 'tech_subcategory': None, 'confidence': 0.95, 'reasons': 'high-profile political statement after tragic event', 'importance_score': 78, 'contextual_factors': {'time_sensitivity': 85, 'global_impact': 70, 'personal_relevance': 50, 'historical_significance': 65, 'emotional_intensity': 80}}
2025-09-13 00:08:12 [DEBUG] classifier: Raw classifier response: ```json
{
  "category": "culture_media_entertainment",
  "sports_subcategory": null,
  "confidence": 0.85,
  "reasons": "corrections and clarifications section",
  "importance_score": 15,
  "contextual_factors": {
    "time_sensitivity": 10,
    "global_impact": 10,
    "personal_relevance": 20,
    "historical_significance": 5,
    "emotional_intensity": 5
  }
}
```
2025-09-13 00:08:12 [DEBUG] classifier: Final classification with subcategory: {'category': 'culture_media_entertainment', 'sports_subcategory': None, 'economy_subcategory': None, 'tech_subcategory': None, 'confidence': 0.85, 'reasons': 'corrections and clarifications section', 'importance_score': 15, 'contextual_factors': {'time_sensitivity': 10, 'global_impact': 10, 'personal_relevance': 20, 'historical_significance': 5, 'emotional_intensity': 5}}
2025-09-13 00:08:13 [DEBUG] classifier: Raw classifier response: ```json
{
  "category": "politics_geopolitics",
  "sports_subcategory": null,
  "confidence": 0.95,
  "reasons": "significant political redistricting",
  "importance_score": 75,
  "contextual_factors": {
    "time_sensitivity": 70,
    "global_impact": 30,
    "personal_relevance": 50,
    "historical_significance": 60,
    "emotional_intensity": 55
  }
}
```
2025-09-13 00:08:13 [DEBUG] classifier: Final classification with subcategory: {'category': 'politics_geopolitics', 'sports_subcategory': None, 'economy_subcategory': None, 'tech_subcategory': None, 'confidence': 0.95, 'reasons': 'significant political redistricting', 'importance_score': 75, 'contextual_factors': {'time_sensitivity': 70, 'global_impact': 30, 'personal_relevance': 50, 'historical_significance': 60, 'emotional_intensity': 55}}
2025-09-13 00:08:14 [DEBUG] classifier: Raw classifier response: ```json
{
  "category": "politics_geopolitics",
  "sports_subcategory": null,
  "confidence": 0.95,
  "reasons": "major humanitarian disaster",
  "importance_score": 78,
  "contextual_factors": {
    "time_sensitivity": 80,
    "global_impact": 60,
    "personal_relevance": 30,
    "historical_significance": 40,
    "emotional_intensity": 85
  }
}
```
2025-09-13 00:08:14 [DEBUG] classifier: Final classification with subcategory: {'category': 'politics_geopolitics', 'sports_subcategory': None, 'economy_subcategory': None, 'tech_subcategory': None, 'confidence': 0.95, 'reasons': 'major humanitarian disaster', 'importance_score': 78, 'contextual_factors': {'time_sensitivity': 80, 'global_impact': 60, 'personal_relevance': 30, 'historical_significance': 40, 'emotional_intensity': 85}}
2025-09-13 00:08:15 [DEBUG] classifier: Raw classifier response: ```json
{
  "category": "politics_geopolitics",
  "sports_subcategory": null,
  "confidence": 0.95,
  "reasons": "UN report on human rights violations",
  "importance_score": 78,
  "contextual_factors": {
    "time_sensitivity": 70,
    "global_impact": 80,
    "personal_relevance": 30,
    "historical_significance": 60,
    "emotional_intensity": 85
  }
}
```
2025-09-13 00:08:15 [DEBUG] classifier: Final classification with subcategory: {'category': 'politics_geopolitics', 'sports_subcategory': None, 'economy_subcategory': None, 'tech_subcategory': None, 'confidence': 0.95, 'reasons': 'UN report on human rights violations', 'importance_score': 78, 'contextual_factors': {'time_sensitivity': 70, 'global_impact': 80, 'personal_relevance': 30, 'historical_significance': 60, 'emotional_intensity': 85}}
2025-09-13 00:08:16 [DEBUG] classifier: Raw classifier response: ```json
{
  "category": "politics_geopolitics",
  "sports_subcategory": null,
  "confidence": 0.95,
  "reasons": "UN resolution on Israel-Palestine two-state solution",
  "importance_score": 82,
  "contextual_factors": {
    "time_sensitivity": 70,
    "global_impact": 90,
    "personal_relevance": 50,
    "historical_significance": 85,
    "emotional_intensity": 75
  }
}
```
2025-09-13 00:08:16 [DEBUG] classifier: Final classification with subcategory: {'category': 'politics_geopolitics', 'sports_subcategory': None, 'economy_subcategory': None, 'tech_subcategory': None, 'confidence': 0.95, 'reasons': 'UN resolution on Israel-Palestine two-state solution', 'importance_score': 82, 'contextual_factors': {'time_sensitivity': 70, 'global_impact': 90, 'personal_relevance': 50, 'historical_significance': 85, 'emotional_intensity': 75}}
2025-09-13 00:08:17 [DEBUG] classifier: Raw classifier response: ```json
{
  "category": "politics_geopolitics",
  "sports_subcategory": null,
  "confidence": 0.95,
  "reasons": "high-profile crime and political involvement",
  "importance_score": 65,
  "contextual_factors": {
    "time_sensitivity": 70,
    "global_impact": 30,
    "personal_relevance": 50,
    "historical_significance": 20,
    "emotional_intensity": 60
  }
}
```
2025-09-13 00:08:17 [DEBUG] classifier: Final classification with subcategory: {'category': 'politics_geopolitics', 'sports_subcategory': None, 'economy_subcategory': None, 'tech_subcategory': None, 'confidence': 0.95, 'reasons': 'high-profile crime and political involvement', 'importance_score': 65, 'contextual_factors': {'time_sensitivity': 70, 'global_impact': 30, 'personal_relevance': 50, 'historical_significance': 20, 'emotional_intensity': 60}}
2025-09-13 00:08:19 [DEBUG] classifier: Raw classifier response: ```json
{
  "category": "politics_geopolitics",
  "sports_subcategory": null,
  "confidence": 0.95,
  "reasons": "UK political scandal involving high-profile figures",
  "importance_score": 75,
  "contextual_factors": {
    "time_sensitivity": 70,
    "global_impact": 40,
    "personal_relevance": 50,
    "historical_significance": 60,
    "emotional_intensity": 65
  }
}
```
2025-09-13 00:08:19 [DEBUG] classifier: Final classification with subcategory: {'category': 'politics_geopolitics', 'sports_subcategory': None, 'economy_subcategory': None, 'tech_subcategory': None, 'confidence': 0.95, 'reasons': 'UK political scandal involving high-profile figures', 'importance_score': 75, 'contextual_factors': {'time_sensitivity': 70, 'global_impact': 40, 'personal_relevance': 50, 'historical_significance': 60, 'emotional_intensity': 65}}
2025-09-13 00:08:20 [DEBUG] classifier: Raw classifier response: ```json
{
  "category": "politics_geopolitics",
  "sports_subcategory": null,
  "confidence": 0.95,
  "reasons": "high-profile political assassination",
  "importance_score": 82,
  "contextual_factors": {
    "time_sensitivity": 70,
    "global_impact": 60,
    "personal_relevance": 50,
    "historical_significance": 65,
    "emotional_intensity": 80
  }
}
```
2025-09-13 00:08:20 [DEBUG] classifier: Final classification with subcategory: {'category': 'politics_geopolitics', 'sports_subcategory': None, 'economy_subcategory': None, 'tech_subcategory': None, 'confidence': 0.95, 'reasons': 'high-profile political assassination', 'importance_score': 82, 'contextual_factors': {'time_sensitivity': 70, 'global_impact': 60, 'personal_relevance': 50, 'historical_significance': 65, 'emotional_intensity': 80}}
2025-09-13 00:08:21 [DEBUG] classifier: Raw classifier response: ```json
{
  "category": "politics_geopolitics",
  "sports_subcategory": null,
  "confidence": 0.95,
  "reasons": "high-profile political assassination",
  "importance_score": 82,
  "contextual_factors": {
    "time_sensitivity": 70,
    "global_impact": 80,
    "personal_relevance": 50,
    "historical_significance": 60,
    "emotional_intensity": 85
  }
}
```
2025-09-13 00:08:21 [DEBUG] classifier: Final classification with subcategory: {'category': 'politics_geopolitics', 'sports_subcategory': None, 'economy_subcategory': None, 'tech_subcategory': None, 'confidence': 0.95, 'reasons': 'high-profile political assassination', 'importance_score': 82, 'contextual_factors': {'time_sensitivity': 70, 'global_impact': 80, 'personal_relevance': 50, 'historical_significance': 60, 'emotional_intensity': 85}}
2025-09-13 00:08:22 [DEBUG] classifier: Raw classifier response: ```json
{
  "category": "politics_geopolitics",
  "sports_subcategory": null,
  "confidence": 0.95,
  "reasons": "political violence and incitement",
  "importance_score": 82,
  "contextual_factors": {
    "time_sensitivity": 70,
    "global_impact": 60,
    "personal_relevance": 50,
    "historical_significance": 80,
    "emotional_intensity": 85
  }
}
```
2025-09-13 00:08:22 [DEBUG] classifier: Final classification with subcategory: {'category': 'politics_geopolitics', 'sports_subcategory': None, 'economy_subcategory': None, 'tech_subcategory': None, 'confidence': 0.95, 'reasons': 'political violence and incitement', 'importance_score': 82, 'contextual_factors': {'time_sensitivity': 70, 'global_impact': 60, 'personal_relevance': 50, 'historical_significance': 80, 'emotional_intensity': 85}}
